
extDB3: https://bitbucket.org/torndeco/extdb3/wiki/Home
extDB3: Version: 1.028
extDB3: Windows Version
Message: All development for extDB3 is done on a Linux Dedicated Server
Message: If you would like to Donate to extDB3 Development
Message: https://www.paypal.com/cgi-bin/webscr?cmd=_s-xclick&hosted_button_id=2SUEFTGABTAM2
Message: Also leave a message if there is any particular feature you would like to see added.
Message: Thanks for all the people that have donated.
Message: Torndeco: 18/05/15


extDB3: Found extdb3-conf.ini
extDB3: Detected 6 Cores, Setting up 6 Worker Threads
extDB3: ...
extDB3: ...
extDB3: ...
extDB3: ...
extDB3: ...
extDB3: ...


[00:47:20:522729 +01:00] [Thread 14256] extDB3: MariaDBConnectorException: Database: Can't connect to MySQL server on '127.0.0.1' (10061)
[00:47:20:537422 +01:00] [Thread 14256] extDB3: SQL: No Database Connection: Database
[00:47:20:537461 +01:00] [Thread 14256] extDB3: Failed to Load Protocol: SQL
[00:47:21:202403 +01:00] [Thread 14256] extDB3: Error Unknown Protocol: 444  Input String: 2:444:SELECT * FROM whitelist WHERE wl_uid = '_SP_PLAYER_'
