
extDB3: https://bitbucket.org/torndeco/extdb3/wiki/Home
extDB3: Version: 1.028
extDB3: Windows Version
Message: All development for extDB3 is done on a Linux Dedicated Server
Message: If you would like to Donate to extDB3 Development
Message: https://www.paypal.com/cgi-bin/webscr?cmd=_s-xclick&hosted_button_id=2SUEFTGABTAM2
Message: Also leave a message if there is any particular feature you would like to see added.
Message: Thanks for all the people that have donated.
Message: Torndeco: 18/05/15


extDB3: Found extdb3-conf.ini
extDB3: Detected 6 Cores, Setting up 6 Worker Threads
extDB3: ...
extDB3: ...
extDB3: ...
extDB3: ...
extDB3: ...
extDB3: ...


[15:09:10:577105 +01:00] [Thread 3044] extDB3: SQL: Initialized: Add Quotes around TEXT Datatypes mode: 2
[15:09:10:585272 +01:00] [Thread 3044] extDB3: SQL: Initialized: NULL = ""
[15:23:20:940201 +01:00] [Thread 3044] extDB3: Already Connected to a Database
[15:23:20:940274 +01:00] [Thread 3044] extDB3: Error Protocol Name Already Taken: 444
[15:45:25:910368 +01:00] [Thread 3044] extDB3: Already Connected to a Database
[15:45:25:910476 +01:00] [Thread 3044] extDB3: Error Protocol Name Already Taken: 444
[15:47:55:733178 +01:00] [Thread 3044] extDB3: Already Connected to a Database
[15:47:55:733242 +01:00] [Thread 3044] extDB3: Error Protocol Name Already Taken: 444
[15:49:16:506210 +01:00] [Thread 3044] extDB3: Already Connected to a Database
[15:49:16:506277 +01:00] [Thread 3044] extDB3: Error Protocol Name Already Taken: 444
[15:52:22:877675 +01:00] [Thread 3044] extDB3: Already Connected to a Database
[15:52:22:877736 +01:00] [Thread 3044] extDB3: Error Protocol Name Already Taken: 444
[15:53:46:348414 +01:00] [Thread 3044] extDB3: Already Connected to a Database
[15:53:46:348473 +01:00] [Thread 3044] extDB3: Error Protocol Name Already Taken: 444
[15:54:34:938051 +01:00] [Thread 3044] extDB3: Already Connected to a Database
[15:54:34:938112 +01:00] [Thread 3044] extDB3: Error Protocol Name Already Taken: 444
[15:56:59:955085 +01:00] [Thread 3044] extDB3: Already Connected to a Database
[15:56:59:955201 +01:00] [Thread 3044] extDB3: Error Protocol Name Already Taken: 444
[16:00:18:568348 +01:00] [Thread 3044] extDB3: Already Connected to a Database
[16:00:18:568414 +01:00] [Thread 3044] extDB3: Error Protocol Name Already Taken: 444
[16:01:20:263043 +01:00] [Thread 3044] extDB3: Already Connected to a Database
[16:01:20:263138 +01:00] [Thread 3044] extDB3: Error Protocol Name Already Taken: 444
[16:11:11:595617 +01:00] [Thread 3044] extDB3: Already Connected to a Database
[16:11:11:595676 +01:00] [Thread 3044] extDB3: Error Protocol Name Already Taken: 444
[16:11:37:479187 +01:00] [Thread 3044] extDB3: Already Connected to a Database
[16:11:37:479252 +01:00] [Thread 3044] extDB3: Error Protocol Name Already Taken: 444
[16:14:27:220184 +01:00] [Thread 3044] extDB3: Already Connected to a Database
[16:14:27:220247 +01:00] [Thread 3044] extDB3: Error Protocol Name Already Taken: 444
[16:14:58:677996 +01:00] [Thread 3044] extDB3: Already Connected to a Database
[16:14:58:678055 +01:00] [Thread 3044] extDB3: Error Protocol Name Already Taken: 444
