
extDB3: https://bitbucket.org/torndeco/extdb3/wiki/Home
extDB3: Version: 1.028
extDB3: Windows Version
Message: All development for extDB3 is done on a Linux Dedicated Server
Message: If you would like to Donate to extDB3 Development
Message: https://www.paypal.com/cgi-bin/webscr?cmd=_s-xclick&hosted_button_id=2SUEFTGABTAM2
Message: Also leave a message if there is any particular feature you would like to see added.
Message: Thanks for all the people that have donated.
Message: Torndeco: 18/05/15


extDB3: Found extdb3-conf.ini
extDB3: Detected 6 Cores, Setting up 6 Worker Threads
extDB3: ...
extDB3: ...
extDB3: ...
extDB3: ...
extDB3: ...
extDB3: ...


[16:43:18:426646 +01:00] [Thread 18468] extDB3: SQL: Initialized: Add Quotes around TEXT Datatypes mode: 2
[16:43:18:462608 +01:00] [Thread 18468] extDB3: SQL: Initialized: NULL = ""
[17:01:06:436673 +01:00] [Thread 18468] extDB3: Already Connected to a Database
[17:01:06:436755 +01:00] [Thread 18468] extDB3: Error Protocol Name Already Taken: 444
[17:12:44:538021 +01:00] [Thread 18468] extDB3: Already Connected to a Database
[17:12:44:538154 +01:00] [Thread 18468] extDB3: Error Protocol Name Already Taken: 444
[17:42:20:736931 +01:00] [Thread 18468] extDB3: Already Connected to a Database
[17:42:20:737051 +01:00] [Thread 18468] extDB3: Error Protocol Name Already Taken: 444
[17:42:57:653483 +01:00] [Thread 18468] extDB3: Already Connected to a Database
[17:42:57:653545 +01:00] [Thread 18468] extDB3: Error Protocol Name Already Taken: 444
[17:44:26:222723 +01:00] [Thread 18468] extDB3: Already Connected to a Database
[17:44:26:222786 +01:00] [Thread 18468] extDB3: Error Protocol Name Already Taken: 444
[17:46:01:479444 +01:00] [Thread 18468] extDB3: Already Connected to a Database
[17:46:01:479503 +01:00] [Thread 18468] extDB3: Error Protocol Name Already Taken: 444
[17:47:51:932067 +01:00] [Thread 18468] extDB3: Already Connected to a Database
[17:47:51:932135 +01:00] [Thread 18468] extDB3: Error Protocol Name Already Taken: 444
[17:49:18:437060 +01:00] [Thread 18468] extDB3: Already Connected to a Database
[17:49:18:437120 +01:00] [Thread 18468] extDB3: Error Protocol Name Already Taken: 444
[17:50:52:696290 +01:00] [Thread 18468] extDB3: Already Connected to a Database
[17:50:52:696351 +01:00] [Thread 18468] extDB3: Error Protocol Name Already Taken: 444
[17:51:46:704023 +01:00] [Thread 18468] extDB3: Already Connected to a Database
[17:51:46:704088 +01:00] [Thread 18468] extDB3: Error Protocol Name Already Taken: 444
[17:54:20:313445 +01:00] [Thread 18468] extDB3: Already Connected to a Database
[17:54:20:313511 +01:00] [Thread 18468] extDB3: Error Protocol Name Already Taken: 444
