
extDB3: https://bitbucket.org/torndeco/extdb3/wiki/Home
extDB3: Version: 1.028
extDB3: Windows Version
Message: All development for extDB3 is done on a Linux Dedicated Server
Message: If you would like to Donate to extDB3 Development
Message: https://www.paypal.com/cgi-bin/webscr?cmd=_s-xclick&hosted_button_id=2SUEFTGABTAM2
Message: Also leave a message if there is any particular feature you would like to see added.
Message: Thanks for all the people that have donated.
Message: Torndeco: 18/05/15


extDB3: Found extdb3-conf.ini
extDB3: Detected 6 Cores, Setting up 6 Worker Threads
extDB3: ...
extDB3: ...
extDB3: ...
extDB3: ...
extDB3: ...
extDB3: ...


[15:15:23:561227 +01:00] [Thread 3520] extDB3: SQL: Initialized: Add Quotes around TEXT Datatypes mode: 2
[15:15:23:561600 +01:00] [Thread 3520] extDB3: SQL: Initialized: NULL = ""
[15:15:26:357397 +01:00] [Thread 19572] extDB3: SQL: Error MariaDBQueryException: Erreur de syntaxe près de '[], p_documents = '"[]"' WHERE p_uid = '_SP_PLAYER_'' à la ligne 1
[15:15:26:357423 +01:00] [Thread 19572] extDB3: SQL: Error MariaDBQueryException: Input: UPDATE player SET p_name = 'AureProd', p_classe = 1, p_race = 2, p_exp = 9972, p_licence = '"[]"', p_level = 12, p_vie = 100, p_faim = 99, p_soif = 98, p_inv_reel = '"[[],[],[],[`U_C_Man_casual_1_F`,[]],[],[],``,``,[],[``,``,`ItemRadio`,`ItemCompass`,`ItemWatch`,``]]"', p_inv_virtuel = '"[[1,1],[5,1],[23,2]]"', p_position = '"[34171.8,16114.1,0.00143886]"', p_quetes_faites = '"[]"', p_planete_visite = '"[]"', p_quetes_actives = '"[]"', p_garage = '"[]"', p_white_liste_soldat = [], p_documents = '"[]"' WHERE p_uid = '_SP_PLAYER_'
[15:17:12:429658 +01:00] [Thread 10412] extDB3: SQL: Error MariaDBQueryException: Erreur de syntaxe près de '[], p_documents = '"[]"' WHERE p_uid = '_SP_PLAYER_'' à la ligne 1
[15:17:12:429692 +01:00] [Thread 10412] extDB3: SQL: Error MariaDBQueryException: Input: UPDATE player SET p_name = 'AureProd', p_classe = 1, p_race = 2, p_exp = 9972, p_licence = '"[]"', p_level = 12, p_vie = 100, p_faim = 99, p_soif = 98, p_inv_reel = '"[[],[],[],[`U_C_Man_casual_1_F`,[]],[],[],``,``,[],[``,``,`ItemRadio`,`ItemCompass`,`ItemWatch`,``]]"', p_inv_virtuel = '"[[1,1],[5,1],[23,2]]"', p_position = '"[34180.6,16119,0.00143886]"', p_quetes_faites = '"[]"', p_planete_visite = '"[]"', p_quetes_actives = '"[5]"', p_garage = '"[]"', p_white_liste_soldat = [], p_documents = '"[]"' WHERE p_uid = '_SP_PLAYER_'
[15:18:53:006093 +01:00] [Thread 3520] extDB3: Already Connected to a Database
[15:18:53:006146 +01:00] [Thread 3520] extDB3: Error Protocol Name Already Taken: 444
[15:19:25:278433 +01:00] [Thread 3520] extDB3: Already Connected to a Database
[15:19:25:278486 +01:00] [Thread 3520] extDB3: Error Protocol Name Already Taken: 444
[15:23:43:448929 +01:00] [Thread 3520] extDB3: Already Connected to a Database
[15:23:43:448986 +01:00] [Thread 3520] extDB3: Error Protocol Name Already Taken: 444
[15:59:23:709539 +01:00] [Thread 3520] extDB3: Already Connected to a Database
[15:59:23:709660 +01:00] [Thread 3520] extDB3: Error Protocol Name Already Taken: 444
