
extDB3: https://bitbucket.org/torndeco/extdb3/wiki/Home
extDB3: Version: 1.028
extDB3: Windows Version
Message: All development for extDB3 is done on a Linux Dedicated Server
Message: If you would like to Donate to extDB3 Development
Message: https://www.paypal.com/cgi-bin/webscr?cmd=_s-xclick&hosted_button_id=2SUEFTGABTAM2
Message: Also leave a message if there is any particular feature you would like to see added.
Message: Thanks for all the people that have donated.
Message: Torndeco: 18/05/15


extDB3: Found extdb3-conf.ini
extDB3: Detected 6 Cores, Setting up 6 Worker Threads
extDB3: ...
extDB3: ...
extDB3: ...
extDB3: ...
extDB3: ...
extDB3: ...


[06:51:10:902150 +01:00] [Thread 17964] extDB3: SQL: Initialized: Add Quotes around TEXT Datatypes mode: 2
[06:51:10:902366 +01:00] [Thread 17964] extDB3: SQL: Initialized: NULL = ""
[06:54:39:572885 +01:00] [Thread 17964] extDB3: Already Connected to a Database
[06:54:39:572946 +01:00] [Thread 17964] extDB3: Error Protocol Name Already Taken: 444
[06:55:02:081728 +01:00] [Thread 17964] extDB3: Already Connected to a Database
[06:55:02:111401 +01:00] [Thread 17964] extDB3: Error Protocol Name Already Taken: 444
[06:55:11:085619 +01:00] [Thread 17964] extDB3: Already Connected to a Database
[06:55:11:085679 +01:00] [Thread 17964] extDB3: Error Protocol Name Already Taken: 444
[06:56:35:181481 +01:00] [Thread 17964] extDB3: Already Connected to a Database
[06:56:35:181533 +01:00] [Thread 17964] extDB3: Error Protocol Name Already Taken: 444
[06:59:45:640690 +01:00] [Thread 17964] extDB3: Already Connected to a Database
[06:59:45:640748 +01:00] [Thread 17964] extDB3: Error Protocol Name Already Taken: 444
[07:01:32:282580 +01:00] [Thread 17964] extDB3: Already Connected to a Database
[07:01:32:282633 +01:00] [Thread 17964] extDB3: Error Protocol Name Already Taken: 444
[07:16:33:183665 +01:00] [Thread 17964] extDB3: Already Connected to a Database
[07:16:33:183728 +01:00] [Thread 17964] extDB3: Error Protocol Name Already Taken: 444
