
extDB3: https://bitbucket.org/torndeco/extdb3/wiki/Home
extDB3: Version: 1.028
extDB3: Windows Version
Message: All development for extDB3 is done on a Linux Dedicated Server
Message: If you would like to Donate to extDB3 Development
Message: https://www.paypal.com/cgi-bin/webscr?cmd=_s-xclick&hosted_button_id=2SUEFTGABTAM2
Message: Also leave a message if there is any particular feature you would like to see added.
Message: Thanks for all the people that have donated.
Message: Torndeco: 18/05/15


extDB3: Found extdb3-conf.ini
extDB3: Detected 6 Cores, Setting up 6 Worker Threads
extDB3: ...
extDB3: ...
extDB3: ...
extDB3: ...
extDB3: ...
extDB3: ...


[08:58:41:358965 +01:00] [Thread 9140] extDB3: SQL: Initialized: Add Quotes around TEXT Datatypes mode: 2
[08:58:41:361600 +01:00] [Thread 9140] extDB3: SQL: Initialized: NULL = ""
[09:01:55:831279 +01:00] [Thread 9140] extDB3: Already Connected to a Database
[09:01:55:831337 +01:00] [Thread 9140] extDB3: Error Protocol Name Already Taken: 444
[10:56:55:670225 +01:00] [Thread 9140] extDB3: Already Connected to a Database
[10:56:55:670408 +01:00] [Thread 9140] extDB3: Error Protocol Name Already Taken: 444
[10:59:36:428582 +01:00] [Thread 9140] extDB3: Already Connected to a Database
[10:59:36:428640 +01:00] [Thread 9140] extDB3: Error Protocol Name Already Taken: 444
